\BOOKMARK [0][-]{chapter.1}{1 Einleitung und Motivation}{}
\BOOKMARK [1][-]{section.1.1}{1.1 Stand der Wissenschaft}{chapter.1}
\BOOKMARK [2][-]{subsection.1.1.1}{1.1.1 Beschreibung und Beispiel f\374r das single step Verfahren}{section.1.1}
\BOOKMARK [2][-]{subsection.1.1.2}{1.1.2 Beschreibung und Beispiel f\374r das multi step Verfahren}{section.1.1}
\BOOKMARK [2][-]{subsection.1.1.3}{1.1.3 Problemdefinition}{section.1.1}
\BOOKMARK [1][-]{section.1.2}{1.2 Aufbau der Arbeit}{chapter.1}
\BOOKMARK [0][-]{chapter.2}{2 Beschreibung des Szenarios}{}
\BOOKMARK [1][-]{section.2.1}{2.1 Dynamische, kollaborative Szenarien}{chapter.2}
\BOOKMARK [1][-]{section.2.2}{2.2 Konfigurationen des Torus}{chapter.2}
\BOOKMARK [2][-]{subsection.2.2.1}{2.2.1 Leeres Szenario ohne Hindernisse}{section.2.2}
\BOOKMARK [2][-]{subsection.2.2.2}{2.2.2 Szenario mit zuf\344llig verteilten Hindernissen}{section.2.2}
\BOOKMARK [2][-]{subsection.2.2.3}{2.2.3 S\344ulenszenario}{section.2.2}
\BOOKMARK [2][-]{subsection.2.2.4}{2.2.4 Schwieriges Szenario}{section.2.2}
\BOOKMARK [1][-]{section.2.3}{2.3 Eigenschaften der Objekte}{chapter.2}
\BOOKMARK [2][-]{subsection.2.3.1}{2.3.1 Sichtbarkeit von Objekten}{section.2.3}
\BOOKMARK [2][-]{subsection.2.3.2}{2.3.2 Aufbau eines Sensordatenpaars}{section.2.3}
\BOOKMARK [2][-]{subsection.2.3.3}{2.3.3 Aufbau eines Sensordatensatzes}{section.2.3}
\BOOKMARK [2][-]{subsection.2.3.4}{2.3.4 Eigenschaften der Agenten und des Zielobjekts}{section.2.3}
\BOOKMARK [1][-]{section.2.4}{2.4 Grunds\344tzliche Algorithmen der Agenten}{chapter.2}
\BOOKMARK [2][-]{subsection.2.4.1}{2.4.1 Algorithmus mit zuf\344lliger Bewegung}{section.2.4}
\BOOKMARK [2][-]{subsection.2.4.2}{2.4.2 Algorithmus mit einfacher Heuristik}{section.2.4}
\BOOKMARK [2][-]{subsection.2.4.3}{2.4.3 Algorithmus mit intelligenter Heuristik}{section.2.4}
\BOOKMARK [1][-]{section.2.5}{2.5 Typen von Zielobjekten}{chapter.2}
\BOOKMARK [2][-]{subsection.2.5.1}{2.5.1 Typ \214Zuf\344lliger Sprung\215}{section.2.5}
\BOOKMARK [2][-]{subsection.2.5.2}{2.5.2 Typ \214Zuf\344llige Bewegung\215}{section.2.5}
\BOOKMARK [2][-]{subsection.2.5.3}{2.5.3 Typ \214Einfache Richtungs\344nderung\215}{section.2.5}
\BOOKMARK [2][-]{subsection.2.5.4}{2.5.4 Typ \214Intelligentes Verhalten\215}{section.2.5}
\BOOKMARK [2][-]{subsection.2.5.5}{2.5.5 Typ \214Beibehaltung der Richtung\215}{section.2.5}
\BOOKMARK [1][-]{section.2.6}{2.6 Simulation und erfasste Statistiken}{chapter.2}
\BOOKMARK [2][-]{subsection.2.6.1}{2.6.1 Definition einer Probleminstanz}{section.2.6}
\BOOKMARK [2][-]{subsection.2.6.2}{2.6.2 Abdeckung}{section.2.6}
\BOOKMARK [2][-]{subsection.2.6.3}{2.6.3 Qualit\344t eines Algorithmus}{section.2.6}
\BOOKMARK [2][-]{subsection.2.6.4}{2.6.4 Ablauf der Simulation}{section.2.6}
\BOOKMARK [2][-]{subsection.2.6.5}{2.6.5 Reihenfolge bei unterschiedlichen Bewegungsgeschwindigkeiten}{section.2.6}
\BOOKMARK [2][-]{subsection.2.6.6}{2.6.6 Messung der Qualit\344t}{section.2.6}
\BOOKMARK [2][-]{subsection.2.6.7}{2.6.7 Reihenfolge der Ermittlung des base reward}{section.2.6}
\BOOKMARK [2][-]{subsection.2.6.8}{2.6.8 Zusammenfassung des Simulationsablaufs}{section.2.6}
\BOOKMARK [0][-]{chapter.3}{3 XCS}{}
\BOOKMARK [1][-]{section.3.1}{3.1 Classifier}{chapter.3}
\BOOKMARK [2][-]{subsection.3.1.1}{3.1.1 Der condition Vektor}{section.3.1}
\BOOKMARK [2][-]{subsection.3.1.2}{3.1.2 Der action Wert}{section.3.1}
\BOOKMARK [2][-]{subsection.3.1.3}{3.1.3 Der fitness Wert}{section.3.1}
\BOOKMARK [2][-]{subsection.3.1.4}{3.1.4 Der reward prediction Wert}{section.3.1}
\BOOKMARK [2][-]{subsection.3.1.5}{3.1.5 Der reward prediction error Wert}{section.3.1}
\BOOKMARK [2][-]{subsection.3.1.6}{3.1.6 Der experience Wert}{section.3.1}
\BOOKMARK [2][-]{subsection.3.1.7}{3.1.7 Der numerosity Wert}{section.3.1}
\BOOKMARK [1][-]{section.3.2}{3.2 Vergleich des condition Vektors mit Sensordaten}{chapter.3}
\BOOKMARK [2][-]{subsection.3.2.1}{3.2.1 Erkennung von Sensordatenpaaren}{section.3.2}
\BOOKMARK [2][-]{subsection.3.2.2}{3.2.2 Subsummation von classifier}{section.3.2}
\BOOKMARK [1][-]{section.3.3}{3.3 Ablauf eines XCS}{chapter.3}
\BOOKMARK [2][-]{subsection.3.3.1}{3.3.1 Abdeckung aller Aktionen durch covering}{section.3.3}
\BOOKMARK [2][-]{subsection.3.3.2}{3.3.2 Die match set Liste}{section.3.3}
\BOOKMARK [2][-]{subsection.3.3.3}{3.3.3 Die action set Liste}{section.3.3}
\BOOKMARK [2][-]{subsection.3.3.4}{3.3.4 Genetische Operatoren}{section.3.3}
\BOOKMARK [1][-]{section.3.4}{3.4 Bewertung der Aktionen \(base reward\)}{chapter.3}
\BOOKMARK [2][-]{subsection.3.4.1}{3.4.1 Bewertung beim single step Verfahren}{section.3.4}
\BOOKMARK [2][-]{subsection.3.4.2}{3.4.2 Bewertung beim multi step Verfahren}{section.3.4}
\BOOKMARK [2][-]{subsection.3.4.3}{3.4.3 Bewertung bei einem \334berwachungsszenario}{section.3.4}
\BOOKMARK [1][-]{section.3.5}{3.5 Auswahlart der classifier}{chapter.3}
\BOOKMARK [2][-]{subsection.3.5.1}{3.5.1 Auswahlart random selection}{section.3.5}
\BOOKMARK [2][-]{subsection.3.5.2}{3.5.2 Auswahlart best selection}{section.3.5}
\BOOKMARK [2][-]{subsection.3.5.3}{3.5.3 Auswahlart roulette wheel selection}{section.3.5}
\BOOKMARK [2][-]{subsection.3.5.4}{3.5.4 Auswahlart tournament selection}{section.3.5}
\BOOKMARK [2][-]{subsection.3.5.5}{3.5.5 Wechsel zwischen den explore und exploit Phasen}{section.3.5}
\BOOKMARK [1][-]{section.3.6}{3.6 Beschreibung und Analyse der XCS Parameter}{chapter.3}
\BOOKMARK [2][-]{subsection.3.6.1}{3.6.1 Parameter max population N}{section.3.6}
\BOOKMARK [2][-]{subsection.3.6.2}{3.6.2 Zuf\344llige Initialisierung der classifier set Liste}{section.3.6}
\BOOKMARK [2][-]{subsection.3.6.3}{3.6.3 Parameter reward prediction discount }{section.3.6}
\BOOKMARK [2][-]{subsection.3.6.4}{3.6.4 Parameter Lernrate }{section.3.6}
\BOOKMARK [2][-]{subsection.3.6.5}{3.6.5 Parameter accuracy equality 0}{section.3.6}
\BOOKMARK [2][-]{subsection.3.6.6}{3.6.6 Parameter tournament factor p}{section.3.6}
\BOOKMARK [2][-]{subsection.3.6.7}{3.6.7 \334bersicht \374ber alle Parameterwerte}{section.3.6}
\BOOKMARK [0][-]{chapter.4}{4 XCS Varianten}{}
\BOOKMARK [1][-]{section.4.1}{4.1 Allgemeine Anpassungen}{chapter.4}
\BOOKMARK [1][-]{section.4.2}{4.2 XCS multi step Verfahren}{chapter.4}
\BOOKMARK [1][-]{section.4.3}{4.3 XCS Variante f\374r \334berwachungsszenarien \(SXCS\)}{chapter.4}
\BOOKMARK [2][-]{subsection.4.3.1}{4.3.1 Umsetzung von SXCS}{section.4.3}
\BOOKMARK [2][-]{subsection.4.3.2}{4.3.2 Ereignisse}{section.4.3}
\BOOKMARK [2][-]{subsection.4.3.3}{4.3.3 Gr\366\337e des Stacks \(maxStackSize\)}{section.4.3}
\BOOKMARK [2][-]{subsection.4.3.4}{4.3.4 Implementierung von SXCS}{section.4.3}
\BOOKMARK [0][-]{chapter.5}{5 Analysen und Experimente}{}
\BOOKMARK [1][-]{section.5.1}{5.1 Erste Analyse der Agenten ohne XCS}{chapter.5}
\BOOKMARK [2][-]{subsection.5.1.1}{5.1.1 Zielobjekt mit zuf\344lligem Sprung \(leeres Szenario\)}{section.5.1}
\BOOKMARK [2][-]{subsection.5.1.2}{5.1.2 Zielobjekt mit zuf\344lligem Sprung \(S\344ulenszenario\)}{section.5.1}
\BOOKMARK [2][-]{subsection.5.1.3}{5.1.3 Zielobjekt mit zuf\344lligem Sprung \(Zuf\344llig verteilte Hindernisse\)}{section.5.1}
\BOOKMARK [2][-]{subsection.5.1.4}{5.1.4 Zielobjekt mit zuf\344lliger Bewegung bzw. einfacher Richtungs\344nderung}{section.5.1}
\BOOKMARK [1][-]{section.5.2}{5.2 Auswirkung der Geschwindigkeit des Zielobjekts}{chapter.5}
\BOOKMARK [2][-]{subsection.5.2.1}{5.2.1 Zielobjekt mit einfacher Richtungs\344nderung}{section.5.2}
\BOOKMARK [2][-]{subsection.5.2.2}{5.2.2 Zielobjekt mit intelligenter Bewegung}{section.5.2}
\BOOKMARK [1][-]{section.5.3}{5.3 Szenario mit zuf\344llig verteilten Hindernissen}{chapter.5}
\BOOKMARK [1][-]{section.5.4}{5.4 Schwieriges Szenario}{chapter.5}
\BOOKMARK [1][-]{section.5.5}{5.5 Zusammenfassung der Tests mit Heuristiken}{chapter.5}
\BOOKMARK [1][-]{section.5.6}{5.6 Test der verschiedenen XCS Auswahlarten}{chapter.5}
\BOOKMARK [1][-]{section.5.7}{5.7 Unterschiedliche Geschwindigkeiten des Zielobjekts}{chapter.5}
\BOOKMARK [1][-]{section.5.8}{5.8 Einschr\344nkung der Ergebnisse f\374r Szenario mit zuf\344llig verteilte Hindernisse}{chapter.5}
\BOOKMARK [1][-]{section.5.9}{5.9 Vergleich XCS und SXCS}{chapter.5}
\BOOKMARK [2][-]{subsection.5.9.1}{5.9.1 XCS im schwierigen Szenario}{section.5.9}
\BOOKMARK [1][-]{section.5.10}{5.10 DSXCS}{chapter.5}
\BOOKMARK [1][-]{section.5.11}{5.11 Beobachtete Strategien der Agenten TODOS}{chapter.5}
\BOOKMARK [1][-]{section.5.12}{5.12 Zusammenfassung der bisherigen Erkenntnisse}{chapter.5}
\BOOKMARK [0][-]{chapter.6}{6 Zusammenfassung, Ergebnis und Ausblick}{}
\BOOKMARK [1][-]{section.6.1}{6.1 Ergebnis TODO}{chapter.6}
\BOOKMARK [1][-]{section.6.2}{6.2 Ausblick und verworfene Ans\344tze}{chapter.6}
\BOOKMARK [2][-]{subsection.6.2.1}{6.2.1 Ausweitung der Sensoren}{section.6.2}
\BOOKMARK [2][-]{subsection.6.2.2}{6.2.2 Verwendung einer mehrwertigen reward Funktion}{section.6.2}
\BOOKMARK [2][-]{subsection.6.2.3}{6.2.3 Untersuchung der Theorie}{section.6.2}
\BOOKMARK [2][-]{subsection.6.2.4}{6.2.4 Untersuchung der classifier}{section.6.2}
\BOOKMARK [2][-]{subsection.6.2.5}{6.2.5 Erh\366hung des Bedarfs an Kollaboration}{section.6.2}
\BOOKMARK [2][-]{subsection.6.2.6}{6.2.6 Rotation des condition Vektors}{section.6.2}
\BOOKMARK [2][-]{subsection.6.2.7}{6.2.7 Abnehmende Wahrscheinlichkeit der explore Phase}{section.6.2}
\BOOKMARK [2][-]{subsection.6.2.8}{6.2.8 Gesonderte Behandlung von neutralen Ereignissen}{section.6.2}
\BOOKMARK [2][-]{subsection.6.2.9}{6.2.9 Anpassung des maxStackSize Werts}{section.6.2}
\BOOKMARK [2][-]{subsection.6.2.10}{6.2.10 Lernendes Zielobjekt}{section.6.2}
\BOOKMARK [2][-]{subsection.6.2.11}{6.2.11 Verworfene Szenarien}{section.6.2}
\BOOKMARK [1][-]{section.6.3}{6.3 Vorgehen und verwendete Hilfsmittel und Software}{chapter.6}
\BOOKMARK [1][-]{section.6.4}{6.4 Beschreibung des Konfigurationsprogramms}{chapter.6}
\BOOKMARK [0][-]{appendix.A}{A Implementation}{}
\BOOKMARK [1][-]{section.A.1}{A.1 Implementierung eines Problemablaufs}{appendix.A}
\BOOKMARK [1][-]{section.A.2}{A.2 Typen von Agentenbewegungen}{appendix.A}
\BOOKMARK [1][-]{section.A.3}{A.3 Korrigierte addNumerosity\(\) Funktion}{appendix.A}
\BOOKMARK [1][-]{section.A.4}{A.4 Implementierung XCS Multistepverfahrens }{appendix.A}
\BOOKMARK [1][-]{section.A.5}{A.5 Implementierung des SXCS Verfahrens}{appendix.A}
